PLINK v1.9.0-b.7.7 64-bit (22 Oct 2024)
Options in effect:
  --bfile Qatari156_filtered_pruned
  --out Qatari156_ped_map
  --recode

Hostname: AMIR-LEGION
Working directory: C:\Users\Amir\OneDrive - Alexandria University\Desktop\FOE-AU\CSED_Y3_2nd Semester\Bioinformatics\Plink
Start time: Fri Mar 14 22:44:32 2025

Random number seed: 1741985072
16151 MB RAM detected; reserving 8075 MB for main workspace.
67735 variants loaded from .bim file.
156 people (49 males, 107 females) loaded from .fam.
Using 1 thread (no multithreaded calculations invoked).
Before main variant filters, 156 founders and 0 nonfounders present.
Calculating allele frequencies... done.
Warning: 1388 het. haploid genotypes present (see Qatari156_ped_map.hh ); many
commands treat these as missing.
Total genotyping rate is 0.998816.
67735 variants and 156 people pass filters and QC.
Note: No phenotypes present.
--recode ped to Qatari156_ped_map.ped + Qatari156_ped_map.map ... done.

End time: Fri Mar 14 22:44:33 2025
