PLINK v1.9.0-b.7.7 64-bit (22 Oct 2024)
Options in effect:
  --bfile filtered_qc
  --out pca_results
  --pca

Hostname: AMIR-LEGION
Working directory: C:\Users\Amir\OneDrive - Alexandria University\Desktop\FOE-AU\CSED_Y3_2nd Semester\Bioinformatics\Plink
Start time: Wed Mar 19 02:47:10 2025

Random number seed: 1742345230
16151 MB RAM detected; reserving 8075 MB for main workspace.
40411 variants loaded from .bim file.
156 people (49 males, 107 females) loaded from .fam.
Using up to 15 threads (change this with --threads).
Before main variant filters, 156 founders and 0 nonfounders present.
Calculating allele frequencies... done.
Warning: 1032 het. haploid genotypes present (see pca_results.hh ); many
commands treat these as missing.
Total genotyping rate is exactly 1.
40411 variants and 156 people pass filters and QC.
Note: No phenotypes present.
Excluding 1061 variants on non-autosomes from relationship matrix calc.
Relationship matrix calculation complete.
--pca: Results saved to pca_results.eigenval and pca_results.eigenvec .

End time: Wed Mar 19 02:47:10 2025
